<?xml version="1.0" encoding="UTF-8"?>
<!-- Generated by org.testng.reporters.JUnitXMLReporter -->
<testsuite ignored="0" hostname="DESKTOP-4VBOKL6" failures="0" tests="3" name="Default test" time="4.819" errors="0" timestamp="2025-02-12T20:41:13 EET">
  <testcase classname="com.reqres.tests.ApiTestCases" name="testCreateUser" time="3.527"/>
  <testcase classname="com.reqres.tests.ApiTestCases" name="testGetUserList" time="0.243"/>
  <testcase classname="com.reqres.tests.ApiTestCases" name="testUpdateUser" time="0.344"/>
</testsuite> <!-- Default test -->
