<?xml version="1.0" encoding="UTF-8"?>
<testng-results ignored="0" total="3" passed="3" failed="0" skipped="0">
  <reporter-output>
  </reporter-output>
  <suite started-at="2025-02-12T20:41:08 EET" name="Default suite" finished-at="2025-02-12T20:41:13 EET" duration-ms="4819">
    <groups>
    </groups>
    <test started-at="2025-02-12T20:41:08 EET" name="Default test" finished-at="2025-02-12T20:41:13 EET" duration-ms="4819">
      <class name="com.reqres.tests.ApiTestCases">
        <test-method is-config="true" signature="setup()[pri:0, instance:com.reqres.tests.ApiTestCases@69e153c5]" started-at="2025-02-12T20:41:08 EET" name="setup" finished-at="2025-02-12T20:41:09 EET" duration-ms="607" status="PASS">
          <reporter-output>
          </reporter-output>
        </test-method> <!-- setup -->
        <test-method signature="testCreateUser()[pri:0, instance:com.reqres.tests.ApiTestCases@69e153c5]" started-at="2025-02-12T20:41:09 EET" name="testCreateUser" finished-at="2025-02-12T20:41:13 EET" duration-ms="3527" status="PASS">
          <reporter-output>
          </reporter-output>
        </test-method> <!-- testCreateUser -->
        <test-method signature="testGetUserList()[pri:0, instance:com.reqres.tests.ApiTestCases@69e153c5]" started-at="2025-02-12T20:41:13 EET" name="testGetUserList" finished-at="2025-02-12T20:41:13 EET" duration-ms="243" status="PASS">
          <reporter-output>
          </reporter-output>
        </test-method> <!-- testGetUserList -->
        <test-method signature="testUpdateUser()[pri:0, instance:com.reqres.tests.ApiTestCases@69e153c5]" started-at="2025-02-12T20:41:13 EET" name="testUpdateUser" finished-at="2025-02-12T20:41:13 EET" duration-ms="344" status="PASS">
          <reporter-output>
          </reporter-output>
        </test-method> <!-- testUpdateUser -->
      </class> <!-- com.reqres.tests.ApiTestCases -->
    </test> <!-- Default test -->
  </suite> <!-- Default suite -->
</testng-results>
